0 info it worked if it ends with ok
1 verbose cli [ 'C:\\Program Files\\nodejs\\node.exe',
1 verbose cli   'C:\\Program Files\\nodejs\\node_modules\\npm\\bin\\npm-cli.js',
1 verbose cli   'start' ]
2 info using npm@3.8.9
3 info using node@v6.2.0
4 verbose run-script [ 'prestart', 'start', 'poststart' ]
5 info lifecycle Meganote@0.5.0~prestart: Meganote@0.5.0
6 verbose lifecycle Meganote@0.5.0~prestart: unsafe-perm in lifecycle true
7 verbose lifecycle Meganote@0.5.0~prestart: PATH: C:\Program Files\nodejs\node_modules\npm\bin\node-gyp-bin;C:\xternprojects\meganote\node_modules\.bin;C:\Program Files\nodejs;C:\Users\zachd\.babun\cygwin\home\zachd\.local\bin;C:\Users\zachd\.babun\cygwin\usr\local\bin;C:\Users\zachd\.babun\cygwin\home\zachd\.local\bin;C:\Users\zachd\.babun\cygwin\usr\local\bin;C:\Users\zachd\.babun\cygwin\bin;C:\ProgramData\Oracle\Java\javapath;C:\WINDOWS\system32;C:\WINDOWS;C:\WINDOWS\System32\Wbem;C:\WINDOWS\System32\WindowsPowerShell\v1.0;C:\Program Files (x86)\ATI Technologies\ATI.ACE\Core-Static;C:\Program Files\Intel\WiFi\bin;C:\Program Files\Common Files\Intel\WirelessCommon;C:\Program Files (x86)\Skype\Phone;C:\WINDOWS\system32\config\systemprofile\.dnx\bin;C:\Program Files\Microsoft DNX\Dnvm;C:\Program Files\Microsoft SQL Server\130\Tools\Binn;C:\Program Files\nodejs;C:\Program Files (x86)\Heroku\bin;C:\Program Files (x86)\git\cmd;C:\Program Files (x86)\Git\cmd;C:\Users\zachd\.babun;C:\Users\zachd\AppData\Roaming\npm;C:\Users\zachd\AppData\Local\atom\bin
8 verbose lifecycle Meganote@0.5.0~prestart: CWD: C:\xternprojects\meganote
9 silly lifecycle Meganote@0.5.0~prestart: Args: [ '/d /s /c', 'npm install' ]
10 silly lifecycle Meganote@0.5.0~prestart: Returned: code: 0  signal: null
11 info lifecycle Meganote@0.5.0~start: Meganote@0.5.0
12 verbose lifecycle Meganote@0.5.0~start: unsafe-perm in lifecycle true
13 verbose lifecycle Meganote@0.5.0~start: PATH: C:\Program Files\nodejs\node_modules\npm\bin\node-gyp-bin;C:\xternprojects\meganote\node_modules\.bin;C:\Program Files\nodejs;C:\Users\zachd\.babun\cygwin\home\zachd\.local\bin;C:\Users\zachd\.babun\cygwin\usr\local\bin;C:\Users\zachd\.babun\cygwin\home\zachd\.local\bin;C:\Users\zachd\.babun\cygwin\usr\local\bin;C:\Users\zachd\.babun\cygwin\bin;C:\ProgramData\Oracle\Java\javapath;C:\WINDOWS\system32;C:\WINDOWS;C:\WINDOWS\System32\Wbem;C:\WINDOWS\System32\WindowsPowerShell\v1.0;C:\Program Files (x86)\ATI Technologies\ATI.ACE\Core-Static;C:\Program Files\Intel\WiFi\bin;C:\Program Files\Common Files\Intel\WirelessCommon;C:\Program Files (x86)\Skype\Phone;C:\WINDOWS\system32\config\systemprofile\.dnx\bin;C:\Program Files\Microsoft DNX\Dnvm;C:\Program Files\Microsoft SQL Server\130\Tools\Binn;C:\Program Files\nodejs;C:\Program Files (x86)\Heroku\bin;C:\Program Files (x86)\git\cmd;C:\Program Files (x86)\Git\cmd;C:\Users\zachd\.babun;C:\Users\zachd\AppData\Roaming\npm;C:\Users\zachd\AppData\Local\atom\bin
14 verbose lifecycle Meganote@0.5.0~start: CWD: C:\xternprojects\meganote
15 silly lifecycle Meganote@0.5.0~start: Args: [ '/d /s /c', 'gulp' ]
16 silly lifecycle Meganote@0.5.0~start: Returned: code: 1  signal: null
17 info lifecycle Meganote@0.5.0~start: Failed to exec start script
18 verbose stack Error: Meganote@0.5.0 start: `gulp`
18 verbose stack Exit status 1
18 verbose stack     at EventEmitter.<anonymous> (C:\Program Files\nodejs\node_modules\npm\lib\utils\lifecycle.js:245:16)
18 verbose stack     at emitTwo (events.js:106:13)
18 verbose stack     at EventEmitter.emit (events.js:191:7)
18 verbose stack     at ChildProcess.<anonymous> (C:\Program Files\nodejs\node_modules\npm\lib\utils\spawn.js:24:14)
18 verbose stack     at emitTwo (events.js:106:13)
18 verbose stack     at ChildProcess.emit (events.js:191:7)
18 verbose stack     at maybeClose (internal/child_process.js:850:16)
18 verbose stack     at Process.ChildProcess._handle.onexit (internal/child_process.js:215:5)
19 verbose pkgid Meganote@0.5.0
20 verbose cwd C:\xternprojects\meganote
21 error Windows_NT 10.0.10586
22 error argv "C:\\Program Files\\nodejs\\node.exe" "C:\\Program Files\\nodejs\\node_modules\\npm\\bin\\npm-cli.js" "start"
23 error node v6.2.0
24 error npm  v3.8.9
25 error code ELIFECYCLE
26 error Meganote@0.5.0 start: `gulp`
26 error Exit status 1
27 error Failed at the Meganote@0.5.0 start script 'gulp'.
27 error Make sure you have the latest version of node.js and npm installed.
27 error If you do, this is most likely a problem with the Meganote package,
27 error not with npm itself.
27 error Tell the author that this fails on your system:
27 error     gulp
27 error You can get information on how to open an issue for this project with:
27 error     npm bugs Meganote
27 error Or if that isn't available, you can get their info via:
27 error     npm owner ls Meganote
27 error There is likely additional logging output above.
28 verbose exit [ 1, true ]
